<?xml version="1.0" encoding="UTF-8"?>
<!-- Generated by org.testng.reporters.JUnitXMLReporter -->
<testsuite hostname="LAPTOP-FEM2N9O3" ignored="16" name="Test" tests="3" failures="3" timestamp="02 Apr 2020 02:27:10 GMT" time="0.073" errors="0">
  <testcase name="resizable" time="0.019" classname="com.testing.website.JqueryTest">
    <failure type="java.lang.NullPointerException">
      <![CDATA[java.lang.NullPointerException
at com.testing.website.JqueryTest.resizable(JqueryTest.java:91)
... Removed 25 stack frames]]>
    </failure>
  </testcase> <!-- resizable -->
  <testcase name="select" time="0.002" classname="com.testing.website.JqueryTest">
    <failure type="java.lang.NullPointerException">
      <![CDATA[java.lang.NullPointerException
at com.testing.website.JqueryTest.select(JqueryTest.java:106)
... Removed 25 stack frames]]>
    </failure>
  </testcase> <!-- select -->
  <testcase name="sorting" time="0.001" classname="com.testing.website.JqueryTest">
    <failure type="java.lang.NullPointerException">
      <![CDATA[java.lang.NullPointerException
at com.testing.website.JqueryTest.sorting(JqueryTest.java:126)
... Removed 25 stack frames]]>
    </failure>
  </testcase> <!-- sorting -->
  <testcase name="selectmenu" time="0.0" classname="com.testing.website.JqueryTest">
    <ignored/>
  </testcase> <!-- selectmenu -->
  <testcase name="autocomplete" time="0.0" classname="com.testing.website.JqueryTest">
    <ignored/>
  </testcase> <!-- autocomplete -->
  <testcase name="Tooltip" time="0.0" classname="com.testing.website.JqueryTest">
    <ignored/>
  </testcase> <!-- Tooltip -->
  <testcase name="Tabs" time="0.0" classname="com.testing.website.JqueryTest">
    <ignored/>
  </testcase> <!-- Tabs -->
  <testcase name="Menu" time="0.0" classname="com.testing.website.JqueryTest">
    <ignored/>
  </testcase> <!-- Menu -->
  <testcase name="Controlgroup" time="0.0" classname="com.testing.website.JqueryTest">
    <ignored/>
  </testcase> <!-- Controlgroup -->
  <testcase name="slider" time="0.0" classname="com.testing.website.JqueryTest">
    <ignored/>
  </testcase> <!-- slider -->
  <testcase name="accordin" time="0.0" classname="com.testing.website.JqueryTest">
    <ignored/>
  </testcase> <!-- accordin -->
  <testcase name="datetyper" time="0.0" classname="com.testing.website.JqueryTest">
    <ignored/>
  </testcase> <!-- datetyper -->
  <testcase name="dialog" time="0.0" classname="com.testing.website.JqueryTest">
    <ignored/>
  </testcase> <!-- dialog -->
  <testcase name="spinner" time="0.0" classname="com.testing.website.JqueryTest">
    <ignored/>
  </testcase> <!-- spinner -->
  <testcase name="ClickRadio" time="0.0" classname="com.testing.website.JqueryTest">
    <ignored/>
  </testcase> <!-- ClickRadio -->
  <testcase name="droppable" time="0.0" classname="com.testing.website.JqueryTest">
    <ignored/>
  </testcase> <!-- droppable -->
  <testcase name="draggable" time="0.0" classname="com.testing.website.JqueryTest">
    <ignored/>
  </testcase> <!-- draggable -->
  <testcase name="Button" time="0.0" classname="com.testing.website.JqueryTest">
    <ignored/>
  </testcase> <!-- Button -->
  <testcase name="progressbar" time="0.0" classname="com.testing.website.JqueryTest">
    <ignored/>
  </testcase> <!-- progressbar -->
</testsuite> <!-- Test -->
