<?xml version="1.0" encoding="UTF-8" ?>
<testsuite tests="19" failures="3" name="com.testing.website.JqueryTest" time="38.002" errors="0" skipped="0">
  <properties>
[...]
</properties>
  <testcase classname="com.testing.website.JqueryTest" name="draggable" time="4.13"/>
  <testcase classname="com.testing.website.JqueryTest" name="droppable" time="0.646"/>
  <testcase classname="com.testing.website.JqueryTest" name="resizable" time="2.973"/>
  <testcase classname="com.testing.website.JqueryTest" name="select" time="3.054"/>
  <testcase classname="com.testing.website.JqueryTest" name="sorting" time="0.595">
    <failure message="move target out of bounds
  (Session info: chrome=81.0.4044.122)
Build info: version: &apos;3.141.59&apos;, revision: &apos;e82be7d358&apos;, time: &apos;2018-11-14T08:17:03&apos;
System info: host: &apos;LAPTOP-FEM2N9O3&apos;, ip: &apos;192.168.0.15&apos;, os.name: &apos;Windows 10&apos;, os.arch: &apos;amd64&apos;, os.version: &apos;10.0&apos;, java.version: &apos;1.8.0_191&apos;
Driver info: org.openqa.selenium.chrome.ChromeDriver
Capabilities {acceptInsecureCerts: false, browserName: chrome, browserVersion: 81.0.4044.122, chrome: {chromedriverVersion: 81.0.4044.69 (6813546031a4b..., userDataDir: C:\Users\nawar\AppData\Loca...}, goog:chromeOptions: {debuggerAddress: localhost:50965}, javascriptEnabled: true, networkConnectionEnabled: false, pageLoadStrategy: normal, platform: WINDOWS, platformName: WINDOWS, proxy: Proxy(), setWindowRect: true, strictFileInteractability: false, timeouts: {implicit: 0, pageLoad: 300000, script: 30000}, unhandledPromptBehavior: dismiss and notify, webauthn:virtualAuthenticators: true}
Session ID: 2b3de4e48dcfaf365b924a1bd8d2ebd5" type="org.openqa.selenium.interactions.MoveTargetOutOfBoundsException">org.openqa.selenium.interactions.MoveTargetOutOfBoundsException: move target out of bounds
  (Session info: chrome=81.0.4044.122)
Build info: version: &apos;3.141.59&apos;, revision: &apos;e82be7d358&apos;, time: &apos;2018-11-14T08:17:03&apos;
System info: host: &apos;LAPTOP-FEM2N9O3&apos;, ip: &apos;192.168.0.15&apos;, os.name: &apos;Windows 10&apos;, os.arch: &apos;amd64&apos;, os.version: &apos;10.0&apos;, java.version: &apos;1.8.0_191&apos;
Driver info: org.openqa.selenium.chrome.ChromeDriver
Capabilities {acceptInsecureCerts: false, browserName: chrome, browserVersion: 81.0.4044.122, chrome: {chromedriverVersion: 81.0.4044.69 (6813546031a4b..., userDataDir: C:\Users\nawar\AppData\Loca...}, goog:chromeOptions: {debuggerAddress: localhost:50965}, javascriptEnabled: true, networkConnectionEnabled: false, pageLoadStrategy: normal, platform: WINDOWS, platformName: WINDOWS, proxy: Proxy(), setWindowRect: true, strictFileInteractability: false, timeouts: {implicit: 0, pageLoad: 300000, script: 30000}, unhandledPromptBehavior: dismiss and notify, webauthn:virtualAuthenticators: true}
Session ID: 2b3de4e48dcfaf365b924a1bd8d2ebd5
	at sun.reflect.NativeConstructorAccessorImpl.newInstance0(Native Method)
	at sun.reflect.NativeConstructorAccessorImpl.newInstance(NativeConstructorAccessorImpl.java:62)
	at sun.reflect.DelegatingConstructorAccessorImpl.newInstance(DelegatingConstructorAccessorImpl.java:45)
	at java.lang.reflect.Constructor.newInstance(Constructor.java:423)
	at org.openqa.selenium.remote.http.W3CHttpResponseCodec.createException(W3CHttpResponseCodec.java:187)
	at org.openqa.selenium.remote.http.W3CHttpResponseCodec.decode(W3CHttpResponseCodec.java:122)
	at org.openqa.selenium.remote.http.W3CHttpResponseCodec.decode(W3CHttpResponseCodec.java:49)
	at org.openqa.selenium.remote.HttpCommandExecutor.execute(HttpCommandExecutor.java:158)
	at org.openqa.selenium.remote.service.DriverCommandExecutor.execute(DriverCommandExecutor.java:83)
	at org.openqa.selenium.remote.RemoteWebDriver.execute(RemoteWebDriver.java:552)
	at org.openqa.selenium.remote.RemoteWebDriver.perform(RemoteWebDriver.java:618)
	at org.openqa.selenium.interactions.Actions$BuiltAction.perform(Actions.java:639)
	at com.testing.website.JqueryTest.sorting(JqueryTest.java:137)
</failure>
  </testcase>
  <testcase classname="com.testing.website.JqueryTest" name="accordin" time="1.086"/>
  <testcase classname="com.testing.website.JqueryTest" name="autocomplete" time="0.361">
    <failure message="Element should have been &quot;select&quot; but was &quot;input&quot;
Build info: version: &apos;3.141.59&apos;, revision: &apos;e82be7d358&apos;, time: &apos;2018-11-14T08:17:03&apos;
System info: host: &apos;LAPTOP-FEM2N9O3&apos;, ip: &apos;192.168.0.15&apos;, os.name: &apos;Windows 10&apos;, os.arch: &apos;amd64&apos;, os.version: &apos;10.0&apos;, java.version: &apos;1.8.0_191&apos;
Driver info: driver.version: unknown" type="org.openqa.selenium.support.ui.UnexpectedTagNameException">org.openqa.selenium.support.ui.UnexpectedTagNameException: Element should have been &quot;select&quot; but was &quot;input&quot;
Build info: version: &apos;3.141.59&apos;, revision: &apos;e82be7d358&apos;, time: &apos;2018-11-14T08:17:03&apos;
System info: host: &apos;LAPTOP-FEM2N9O3&apos;, ip: &apos;192.168.0.15&apos;, os.name: &apos;Windows 10&apos;, os.arch: &apos;amd64&apos;, os.version: &apos;10.0&apos;, java.version: &apos;1.8.0_191&apos;
Driver info: driver.version: unknown
	at org.openqa.selenium.support.ui.Select.&lt;init&gt;(Select.java:48)
	at com.testing.website.JqueryTest.autocomplete(JqueryTest.java:178)
</failure>
  </testcase>
  <testcase classname="com.testing.website.JqueryTest" name="ClickRadio" time="3.49"/>
  <testcase classname="com.testing.website.JqueryTest" name="Controlgroup" time="5.66"/>
  <testcase classname="com.testing.website.JqueryTest" name="datetyper" time="0.419"/>
  <testcase classname="com.testing.website.JqueryTest" name="progressbar" time="0.346"/>
  <testcase classname="com.testing.website.JqueryTest" name="slider" time="2.481"/>
  <testcase classname="com.testing.website.JqueryTest" name="spinner" time="1.807"/>
  <testcase classname="com.testing.website.JqueryTest" name="Button" time="2.577"/>
  <testcase classname="com.testing.website.JqueryTest" name="dialog" time="2.396"/>
  <testcase classname="com.testing.website.JqueryTest" name="Menu" time="0.947">
    <failure message="javascript error: Failed to execute &apos;elementsFromPoint&apos; on &apos;Document&apos;: The provided double value is non-finite.
  (Session info: chrome=81.0.4044.122)
Build info: version: &apos;3.141.59&apos;, revision: &apos;e82be7d358&apos;, time: &apos;2018-11-14T08:17:03&apos;
System info: host: &apos;LAPTOP-FEM2N9O3&apos;, ip: &apos;192.168.0.15&apos;, os.name: &apos;Windows 10&apos;, os.arch: &apos;amd64&apos;, os.version: &apos;10.0&apos;, java.version: &apos;1.8.0_191&apos;
Driver info: org.openqa.selenium.chrome.ChromeDriver
Capabilities {acceptInsecureCerts: false, browserName: chrome, browserVersion: 81.0.4044.122, chrome: {chromedriverVersion: 81.0.4044.69 (6813546031a4b..., userDataDir: C:\Users\nawar\AppData\Loca...}, goog:chromeOptions: {debuggerAddress: localhost:50965}, javascriptEnabled: true, networkConnectionEnabled: false, pageLoadStrategy: normal, platform: WINDOWS, platformName: WINDOWS, proxy: Proxy(), setWindowRect: true, strictFileInteractability: false, timeouts: {implicit: 0, pageLoad: 300000, script: 30000}, unhandledPromptBehavior: dismiss and notify, webauthn:virtualAuthenticators: true}
Session ID: 2b3de4e48dcfaf365b924a1bd8d2ebd5" type="org.openqa.selenium.JavascriptException">org.openqa.selenium.JavascriptException: javascript error: Failed to execute &apos;elementsFromPoint&apos; on &apos;Document&apos;: The provided double value is non-finite.
  (Session info: chrome=81.0.4044.122)
Build info: version: &apos;3.141.59&apos;, revision: &apos;e82be7d358&apos;, time: &apos;2018-11-14T08:17:03&apos;
System info: host: &apos;LAPTOP-FEM2N9O3&apos;, ip: &apos;192.168.0.15&apos;, os.name: &apos;Windows 10&apos;, os.arch: &apos;amd64&apos;, os.version: &apos;10.0&apos;, java.version: &apos;1.8.0_191&apos;
Driver info: org.openqa.selenium.chrome.ChromeDriver
Capabilities {acceptInsecureCerts: false, browserName: chrome, browserVersion: 81.0.4044.122, chrome: {chromedriverVersion: 81.0.4044.69 (6813546031a4b..., userDataDir: C:\Users\nawar\AppData\Loca...}, goog:chromeOptions: {debuggerAddress: localhost:50965}, javascriptEnabled: true, networkConnectionEnabled: false, pageLoadStrategy: normal, platform: WINDOWS, platformName: WINDOWS, proxy: Proxy(), setWindowRect: true, strictFileInteractability: false, timeouts: {implicit: 0, pageLoad: 300000, script: 30000}, unhandledPromptBehavior: dismiss and notify, webauthn:virtualAuthenticators: true}
Session ID: 2b3de4e48dcfaf365b924a1bd8d2ebd5
	at sun.reflect.NativeConstructorAccessorImpl.newInstance0(Native Method)
	at sun.reflect.NativeConstructorAccessorImpl.newInstance(NativeConstructorAccessorImpl.java:62)
	at sun.reflect.DelegatingConstructorAccessorImpl.newInstance(DelegatingConstructorAccessorImpl.java:45)
	at java.lang.reflect.Constructor.newInstance(Constructor.java:423)
	at org.openqa.selenium.remote.http.W3CHttpResponseCodec.createException(W3CHttpResponseCodec.java:187)
	at org.openqa.selenium.remote.http.W3CHttpResponseCodec.decode(W3CHttpResponseCodec.java:122)
	at org.openqa.selenium.remote.http.W3CHttpResponseCodec.decode(W3CHttpResponseCodec.java:49)
	at org.openqa.selenium.remote.HttpCommandExecutor.execute(HttpCommandExecutor.java:158)
	at org.openqa.selenium.remote.service.DriverCommandExecutor.execute(DriverCommandExecutor.java:83)
	at org.openqa.selenium.remote.RemoteWebDriver.execute(RemoteWebDriver.java:552)
	at org.openqa.selenium.remote.RemoteWebDriver.perform(RemoteWebDriver.java:618)
	at org.openqa.selenium.interactions.Actions$BuiltAction.perform(Actions.java:639)
	at com.testing.website.JqueryTest.Menu(JqueryTest.java:385)
</failure>
  </testcase>
  <testcase classname="com.testing.website.JqueryTest" name="Tooltip" time="3.641"/>
  <testcase classname="com.testing.website.JqueryTest" name="Tabs" time="0.54"/>
  <testcase classname="com.testing.website.JqueryTest" name="selectmenu" time="0.853"/>
</testsuite>